[2025-10-12 19:03:43] [✓] Usuario 'Prueba' agregado.
[2025-10-25 23:14:28] [✓] Usuario 'Valorant' agregado.
[2025-10-25 23:30:10] [✓] Usuario 'youtube' agregado.
[2025-10-25 23:31:12] [✓] Usuario 'goggle' agregado.
[2025-10-26 01:00:21] [X] Usuario Ana (U001) no existe.
[2025-10-26 01:00:24] [X] Usuario Ana (U001) no existe.
[2025-10-26 01:00:40] [X] Usuario Ana (U001) no existe.
[2025-10-26 01:10:02] [✓] Préstamo exitoso: 'El Quijote' para Ana. Disponibles: 1.
[2025-10-26 01:39:13] [✓] Préstamo exitoso: 'El Quijote' para Jonatan. Disponibles: 0.
[2025-10-26 01:39:41] [✓] Préstamo exitoso: 'Cien años de soledad' para Ana. Disponibles: 0.
[2025-10-26 01:39:53] [→] Sin copias. Ana quedó en cola para 'Cien años de soledad'. Posición: 1.
[2025-10-26 01:47:23] [→] Sin copias. Jonatan quedó en cola para 'El Quijote'. Posición: 1.
[2025-10-28 14:11:00] [✓] Préstamo exitoso: 'Cien años de soledad' para Julian. Disponibles: 0.
[2025-10-28 14:13:16] No puedes indicar una fecha menor a la actual.
[2025-10-28 14:33:14] [✓] Devolución de 'Cien años de soledad' registrada y asignado automáticamente a Ana por reserva. Disponibles: 0.
[2025-10-28 15:05:26] [✓] Préstamo exitoso: 'El Quijote' para Julian. Disponibles: 0.
[2025-10-28 15:10:21] [✓] Devolución de 'El Quijote' registrada y asignado automáticamente a Jonatan por reserva. Disponibles: 0.
[2025-10-28 15:10:36] [↶] Deshecho: devolución de 'El Quijote' de Julian.
[2025-10-28 22:27:17] [→] Sin copias. Ana quedó en cola para 'El Quijote'. Posición: 2.
[2025-10-28 22:27:43] [→] Sin copias. Jonatan quedó en cola para 'Cien años de soledad'. Posición: 1.
[2025-10-28 22:28:03] [i] No hay operaciones para deshacer.
